H:\C++\PE8\PE8\DEBUG\SOURCE.OBJ
H:\C++\PE8\PE8\DEBUG\VC110.PDB
H:\C++\PE9\PE8\DEBUG\SOURCE.OBJ
H:\C++\PE9\PE8\DEBUG\VC110.PDB
H:\C++\PE8\DEBUG\PE8.ILK
H:\C++\PE8\DEBUG\PE8.EXE
H:\C++\PE8\DEBUG\PE8.PDB
H:\C++\PE9\DEBUG\PE8.ILK
H:\C++\PE9\DEBUG\PE8.EXE
H:\C++\PE9\DEBUG\PE8.PDB
H:\C++\pe9\pe8\Debug\Source.obj
H:\C++\pe9\pe8\Debug\cl.command.1.tlog
H:\C++\pe9\pe8\Debug\CL.read.1.tlog
H:\C++\pe9\pe8\Debug\CL.write.1.tlog
H:\C++\pe9\pe8\Debug\link-cvtres.read.1.tlog
H:\C++\pe9\pe8\Debug\link-cvtres.write.1.tlog
H:\C++\pe9\pe8\Debug\link-rc.read.1.tlog
H:\C++\pe9\pe8\Debug\link-rc.write.1.tlog
H:\C++\pe9\pe8\Debug\link.3936-cvtres.read.1.tlog
H:\C++\pe9\pe8\Debug\link.3936-cvtres.write.1.tlog
H:\C++\pe9\pe8\Debug\link.3936-rc.read.1.tlog
H:\C++\pe9\pe8\Debug\link.3936-rc.write.1.tlog
H:\C++\pe9\pe8\Debug\link.3936.read.1.tlog
H:\C++\pe9\pe8\Debug\link.3936.write.1.tlog
H:\C++\pe9\pe8\Debug\link.4524-cvtres.read.1.tlog
H:\C++\pe9\pe8\Debug\link.4524-cvtres.write.1.tlog
H:\C++\pe9\pe8\Debug\link.4524-rc.read.1.tlog
H:\C++\pe9\pe8\Debug\link.4524-rc.write.1.tlog
H:\C++\pe9\pe8\Debug\link.4524.read.1.tlog
H:\C++\pe9\pe8\Debug\link.4524.write.1.tlog
H:\C++\pe9\pe8\Debug\link.command.1.tlog
H:\C++\pe9\pe8\Debug\link.read.1.tlog
H:\C++\pe9\pe8\Debug\link.write.1.tlog
H:\C++\pe9\pe8\Debug\vc110.idb
H:\C++\pe9\pe8\Debug\vc110.pdb
H:\C++\pe9\Debug\pe8.pdb
H:\C++\pe9\Debug\pe8.exe
H:\C++\pe9\Debug\pe8.ilk
